[2020-06-03 11:48:08] [IMessager.java] [18] [INFO]  TEST [Carina Appium POC - personalLoanEarlySalary1ToastMessage] STARTED at [11:48:08 2020-06-03]
[2020-06-03 11:48:41] [DriverListener.java] [18] [INFO] PASS: element 'personalLoanBtn' is clicked.
[2020-06-03 11:48:50] [DriverListener.java] [18] [INFO] PASS: element 'salariedTab' is clicked.
[2020-06-03 11:48:52] [DriverListener.java] [18] [INFO] PASS: keys cleared in element 'loanAmountEntryField'.
[2020-06-03 11:48:53] [DriverListener.java] [18] [INFO] PASS: keys '75000' are sent to element 'loanAmountEntryField'.
[2020-06-03 11:48:54] [DriverListener.java] [18] [INFO] PASS: keys cleared in element 'tenureMonthsEntryField'.
[2020-06-03 11:48:55] [DriverListener.java] [18] [INFO] PASS: keys '12' are sent to element 'tenureMonthsEntryField'.
[2020-06-03 11:48:56] [DriverListener.java] [18] [INFO] PASS: keys cleared in element 'monthlyIncomeEntryField'.
[2020-06-03 11:48:58] [DriverListener.java] [18] [INFO] PASS: keys '35000' are sent to element 'monthlyIncomeEntryField'.
[2020-06-03 11:48:58] [PersonalLoan.java] [18] [INFO] 11:48:58.244   Calender Start Time
[2020-06-03 11:48:59] [DriverListener.java] [18] [INFO] PASS: element 'birthDateEntryField' is clicked.
[2020-06-03 11:49:01] [DriverListener.java] [18] [INFO] PASS: element 'selectYear' is clicked.
[2020-06-03 11:49:23] [DriverListener.java] [18] [INFO] PASS: element 'calenderOkBtn' is clicked.
[2020-06-03 11:49:23] [PersonalLoan.java] [18] [INFO] 11:49:23.536   Calender End Time
[2020-06-03 11:49:30] [DriverListener.java] [18] [INFO] PASS: keys cleared in element 'pinCodeEntryField'.
[2020-06-03 11:49:31] [DriverListener.java] [18] [INFO] PASS: keys '40000' are sent to element 'pinCodeEntryField'.
[2020-06-03 11:49:32] [DriverListener.java] [18] [INFO] PASS: element 'noRadioBtn' is clicked.
[2020-06-03 11:49:33] [DriverListener.java] [18] [INFO] PASS: element 'checkBox' is clicked.
[2020-06-03 11:49:34] [DriverListener.java] [18] [INFO] PASS: element 'nextBtn' is clicked.
[2020-06-03 11:49:40] [IMessager.java] [18] [ERROR] SM-G615F - 42007b03e08954c5 TEST [Carina Appium POC - personalLoanEarlySalary1ToastMessage] FAILED at [11:49:40 2020-06-03] - expected [Please enter valid number] but found [Please enter valid pincode]

org.testng.Assert.fail(Assert.java:97)
org.testng.Assert.assertEqualsImpl(Assert.java:136)
org.testng.Assert.assertEquals(Assert.java:118)
org.testng.Assert.assertEquals(Assert.java:575)
org.testng.Assert.assertEquals(Assert.java:585)
com.demo.tests.PersonalLoanFlow.personalLoanEarlySalary1ToastMessage(PersonalLoanFlow.java:47)
sun.reflect.NativeMethodAccessorImpl.invoke0(Native Method)
sun.reflect.NativeMethodAccessorImpl.invoke(NativeMethodAccessorImpl.java:62)
sun.reflect.DelegatingMethodAccessorImpl.invoke(DelegatingMethodAccessorImpl.java:43)
java.lang.reflect.Method.invoke(Method.java:498)
org.testng.internal.MethodInvocationHelper.invokeMethod(MethodInvocationHelper.java:133)
org.testng.internal.TestInvoker.invokeMethod(TestInvoker.java:584)
org.testng.internal.TestInvoker.invokeTestMethod(TestInvoker.java:172)
org.testng.internal.TestMethodWithDataProviderMethodWorker.call(TestMethodWithDataProviderMethodWorker.java:77)
org.testng.internal.TestMethodWithDataProviderMethodWorker.call(TestMethodWithDataProviderMethodWorker.java:15)
java.util.concurrent.FutureTask.run(FutureTask.java:266)
java.util.concurrent.Executors$RunnableAdapter.call(Executors.java:511)
java.util.concurrent.FutureTask.run(FutureTask.java:266)
java.util.concurrent.ThreadPoolExecutor.runWorker(ThreadPoolExecutor.java:1149)
java.util.concurrent.ThreadPoolExecutor$Worker.run(ThreadPoolExecutor.java:624)
java.lang.Thread.run(Thread.java:748)
